<?xml version="1.0" encoding="UTF-8"?>
<!-- Generated by org.testng.reporters.JUnitReportReporter -->
<testsuite hostname="LAPTOP-ANSDQM6E" failures="0" tests="5" name="com.selenium.testcases.selenium_test.LoginTestng" time="52.246" errors="0" timestamp="04 Nov 2020 13:52:06 GMT" skipped="0">
  <testcase classname="com.selenium.testcases.selenium_test.LoginTestng" name="loginAdmin" time="14.095"/>
  <testcase classname="com.selenium.testcases.selenium_test.LoginTestng" name="loginTestUser" time="2.855"/>
  <testcase classname="com.selenium.testcases.selenium_test.LoginTestng" name="loginTestUser" time="2.645"/>
  <testcase classname="com.selenium.testcases.selenium_test.LoginTestng" name="loginTestUser" time="3.473"/>
  <testcase classname="com.selenium.testcases.selenium_test.LoginTestng" name="userLogin" time="29.178"/>
</testsuite> <!-- com.selenium.testcases.selenium_test.LoginTestng -->
