<?xml version="1.0" encoding="UTF-8"?>
<!-- Generated by org.testng.reporters.JUnitReportReporter -->
<testsuite hostname="LAPTOP-ANSDQM6E" failures="0" tests="4" name="com.selenium.webobject.HandleWebObject" time="9.993" errors="0" timestamp="22 Oct 2020 14:30:38 GMT" skipped="0">
  <testcase classname="com.selenium.webobject.HandleWebObject" name="textbox" time="8.611"/>
  <testcase classname="com.selenium.webobject.HandleWebObject" name="radiobutton" time="0.320"/>
  <testcase classname="com.selenium.webobject.HandleWebObject" name="checkbox" time="0.508"/>
  <testcase classname="com.selenium.webobject.HandleWebObject" name="dropDown" time="0.554"/>
</testsuite> <!-- com.selenium.webobject.HandleWebObject -->
