<?xml version="1.0" encoding="UTF-8"?>
<!-- Generated by org.testng.reporters.JUnitReportReporter -->
<testsuite hostname="LAPTOP-ANSDQM6E" failures="0" tests="1" name="com.selenium.webobject.HandleFrame" time="10.203" errors="0" timestamp="04 Nov 2020 13:52:06 GMT" skipped="0">
  <testcase classname="com.selenium.webobject.HandleFrame" name="loginAdmin" time="10.203"/>
</testsuite> <!-- com.selenium.webobject.HandleFrame -->
