<?xml version="1.0" encoding="UTF-8"?>
<!-- Generated by org.testng.reporters.JUnitReportReporter -->
<testsuite hostname="LAPTOP-ANSDQM6E" failures="0" tests="1" name="com.selenium.logintc.LoginTestCasesProperties" time="9.817" errors="0" timestamp="29 Oct 2020 14:42:41 GMT" skipped="0">
  <testcase classname="com.selenium.logintc.LoginTestCasesProperties" name="adminUser" time="9.817"/>
</testsuite> <!-- com.selenium.logintc.LoginTestCasesProperties -->
