<?xml version="1.0" encoding="UTF-8"?>
<!-- Generated by org.testng.reporters.JUnitReportReporter -->
<testsuite hostname="LAPTOP-ANSDQM6E" failures="0" tests="2" name="com.selenium.testcases.selenium_test.LoginTestngHardAssert" time="4.452" errors="0" timestamp="29 Oct 2020 14:04:35 GMT" skipped="0">
  <testcase classname="com.selenium.testcases.selenium_test.LoginTestngHardAssert" name="loginAdmin" time="3.359"/>
  <testcase classname="com.selenium.testcases.selenium_test.LoginTestngHardAssert" name="logoutAdmin" time="1.093"/>
</testsuite> <!-- com.selenium.testcases.selenium_test.LoginTestngHardAssert -->
