<?xml version="1.0" encoding="UTF-8"?>
<!-- Generated by org.testng.reporters.JUnitReportReporter -->
<testsuite hostname="LAPTOP-ANSDQM6E" failures="0" tests="3" name="com.selenium.logintc.LoginDataProvider" time="13.362" errors="0" timestamp="30 Oct 2020 14:49:15 GMT" skipped="0">
  <testcase classname="com.selenium.logintc.LoginDataProvider" name="f" time="4.411"/>
  <testcase classname="com.selenium.logintc.LoginDataProvider" name="f" time="4.376"/>
  <testcase classname="com.selenium.logintc.LoginDataProvider" name="f" time="4.575"/>
</testsuite> <!-- com.selenium.logintc.LoginDataProvider -->
