<?xml version="1.0" encoding="UTF-8"?>
<!-- Generated by org.testng.reporters.JUnitReportReporter -->
<testsuite hostname="LAPTOP-ANSDQM6E" failures="0" tests="1" name="com.selenium.logintc.LoginTestCaseDataDriven" time="20.888" errors="0" timestamp="30 Oct 2020 14:33:07 GMT" skipped="0">
  <testcase classname="com.selenium.logintc.LoginTestCaseDataDriven" name="adminUser" time="20.888"/>
</testsuite> <!-- com.selenium.logintc.LoginTestCaseDataDriven -->
