<?xml version="1.0" encoding="UTF-8"?>
<!-- Generated by org.testng.reporters.JUnitReportReporter -->
<testsuite hostname="LAPTOP-ANSDQM6E" failures="0" tests="1" name="com.selenium.webobject.HandleFrame" time="24.635" errors="0" timestamp="29 Oct 2020 13:53:30 GMT" skipped="0">
  <testcase classname="com.selenium.webobject.HandleFrame" name="loginAdmin" time="24.635"/>
</testsuite> <!-- com.selenium.webobject.HandleFrame -->
