<?xml version="1.0" encoding="UTF-8"?>
<!-- Generated by org.testng.reporters.JUnitReportReporter -->
<testsuite hostname="LAPTOP-ANSDQM6E" failures="0" tests="2" name="com.selenium.webobject.CountWebObject" time="5.570" errors="0" timestamp="22 Oct 2020 14:50:17 GMT" skipped="0">
  <testcase classname="com.selenium.webobject.CountWebObject" name="radiobutton" time="5.230"/>
  <testcase classname="com.selenium.webobject.CountWebObject" name="checkbox" time="0.340"/>
</testsuite> <!-- com.selenium.webobject.CountWebObject -->
