<?xml version="1.0" encoding="UTF-8"?>
<!-- Generated by org.testng.reporters.JUnitReportReporter -->
<testsuite hostname="LAPTOP-ANSDQM6E" failures="0" tests="1" name="com.selenium.webobject.HandleFrame" time="6.899" errors="0" timestamp="04 Nov 2020 14:10:32 GMT" skipped="0">
  <testcase classname="com.selenium.webobject.HandleFrame" name="loginAdmin" time="6.899"/>
</testsuite> <!-- com.selenium.webobject.HandleFrame -->
