<?xml version="1.0" encoding="UTF-8"?>
<!-- Generated by org.testng.reporters.JUnitReportReporter -->
<testsuite hostname="LAPTOP-ANSDQM6E" failures="0" tests="5" name="com.selenium.testcases.selenium_test.LoginTestng" time="25.368" errors="0" timestamp="04 Nov 2020 14:10:32 GMT" skipped="0">
  <testcase classname="com.selenium.testcases.selenium_test.LoginTestng" name="loginAdmin" time="3.643"/>
  <testcase classname="com.selenium.testcases.selenium_test.LoginTestng" name="loginTestUser" time="2.190"/>
  <testcase classname="com.selenium.testcases.selenium_test.LoginTestng" name="loginTestUser" time="1.940"/>
  <testcase classname="com.selenium.testcases.selenium_test.LoginTestng" name="loginTestUser" time="1.723"/>
  <testcase classname="com.selenium.testcases.selenium_test.LoginTestng" name="userLogin" time="15.872"/>
</testsuite> <!-- com.selenium.testcases.selenium_test.LoginTestng -->
